 End mpi_comm_rank
 MYTID=           0 Number of Processors is           4
 Beginning------RDRIVER! 
 END-----------RDRIVER!
   25  1    0.632179114962064D+18    0.807967259907317D+18    0.189627539249900D+02    0.348875415293935D+01   -0.274849811405771D+00    0.100000000000000D+00
   25  1    0.631375957098720D+18    0.807841662342576D+18    0.189611494503417D+02    0.348875504740918D+01   -0.274849773763433D+00    0.100000000000000D+00
   25  1    0.631417032435376D+18    0.807711476877968D+18    0.189612676323739D+02    0.348875593292474D+01   -0.274849735605474D+00    0.100000000000000D+00
   25  1    0.631728559674327D+18    0.807577389454449D+18    0.189599179671252D+02    0.348875681699599D+01   -0.274849693053112D+00    0.100000000000000D+00
   25  1    0.632547431970021D+18    0.807441291800340D+18    0.189587522556748D+02    0.348875768575360D+01   -0.274849650354714D+00    0.100000000000000D+00
   25  1    0.633667168755403D+18    0.807309298337944D+18    0.189577261936340D+02    0.348875853857457D+01   -0.274849605416497D+00    0.100000000000000D+00
   25  1    0.635006542743056D+18    0.807190895817726D+18    0.189568120035065D+02    0.348875937489827D+01   -0.274849558877077D+00    0.100000000000000D+00
   25  1    0.636486325563836D+18    0.807098417076221D+18    0.189559851218539D+02    0.348876019550809D+01   -0.274849511034391D+00    0.100000000000000D+00
   25  1    0.638047680684317D+18    0.807043699691790D+18    0.189552316066283D+02    0.348876100087795D+01   -0.274849462500345D+00    0.100000000000000D+00
   25  1    0.639627747536934D+18    0.807036845975594D+18    0.189545383638408D+02    0.348876179401687D+01   -0.274849413636114D+00    0.100000000000000D+00
   25  1    0.641186508047449D+18    0.807084470979856D+18    0.189538946393734D+02    0.348876258050154D+01   -0.274849364756927D+00    0.100000000000000D+00
   25  1    0.642682100706403D+18    0.807186953429871D+18    0.189532943879227D+02    0.348876336664695D+01   -0.274849316253340D+00    0.100000000000000D+00
   25  1    0.644100837739860D+18    0.807339183901760D+18    0.189527317085491D+02    0.348876415952385D+01   -0.274849268095475D+00    0.100000000000000D+00
   25  1    0.645424908316821D+18    0.807532011769023D+18    0.189522018849587D+02    0.348876496405114D+01   -0.274849220605228D+00    0.100000000000000D+00
   25  1    0.646644141653070D+18    0.807753361486656D+18    0.189517006645525D+02    0.348876578339907D+01   -0.274849173791320D+00    0.100000000000000D+00
   25  1    0.647746302948263D+18    0.807991880177368D+18    0.189512227735302D+02    0.348876661834814D+01   -0.274849127650410D+00    0.100000000000000D+00
   25  1    0.648743237183284D+18    0.808241115266050D+18    0.189507684239626D+02    0.348876746789974D+01   -0.274849082166285D+00    0.100000000000000D+00
   25  1    0.649618125708625D+18    0.808499383149218D+18    0.189503345768971D+02    0.348876833015874D+01   -0.274849037434349D+00    0.100000000000000D+00
   25  1    0.650379675566869D+18    0.808767009353042D+18    0.189499205600022D+02    0.348876920233607D+01   -0.274848993402478D+00    0.100000000000000D+00
   25  1    0.651015173993709D+18    0.809045074961643D+18    0.189495237196322D+02    0.348877008013674D+01   -0.274848950123574D+00    0.100000000000000D+00
   25  1    0.651540433174350D+18    0.809333647677152D+18    0.189491453245082D+02    0.348877095801324D+01   -0.274848907714251D+00    0.100000000000000D+00
   25  1    0.651956298871819D+18    0.809628088936922D+18    0.189487851468473D+02    0.348877183100899D+01   -0.274848866138950D+00    0.100000000000000D+00
   25  1    0.652292984223408D+18    0.809918627634876D+18    0.189484435959698D+02    0.348877269502824D+01   -0.274848825338952D+00    0.100000000000000D+00
   25  1    0.652554910734193D+18    0.810192203699399D+18    0.189481196550956D+02    0.348877354783874D+01   -0.274848785252530D+00    0.100000000000000D+00
   25  1    0.652771711994806D+18    0.810433838616929D+18    0.189478122372836D+02    0.348877438825556D+01   -0.274848745826041D+00    0.100000000000000D+00
   25  1    0.652956801887311D+18    0.810630049386250D+18    0.189475216773986D+02    0.348877521654946D+01   -0.274848706891362D+00    0.100000000000000D+00
   25  1    0.653134182142004D+18    0.810771458989689D+18    0.189472464375490D+02    0.348877603388132D+01   -0.274848668194554D+00    0.100000000000000D+00
   25  1    0.653314702758870D+18    0.810853967979082D+18    0.189469857081511D+02    0.348877684267471D+01   -0.274848629612328D+00    0.100000000000000D+00
   25  1    0.653527094030863D+18    0.810880011372178D+18    0.189467383828432D+02    0.348877764578112D+01   -0.274848591116975D+00    0.100000000000000D+00
   25  1    0.653767686995934D+18    0.810857178681683D+18    0.189465037853065D+02    0.348877844677372D+01   -0.274848552517512D+00    0.100000000000000D+00
   25  1    0.654034403582713D+18    0.810794517959305D+18    0.189462798056300D+02    0.348877924886469D+01   -0.274848513963362D+00    0.100000000000000D+00
   25  1    0.654345860672243D+18    0.810698327083757D+18    0.189460663193580D+02    0.348878005624205D+01   -0.274848475384881D+00    0.100000000000000D+00
   25  1    0.654708115720643D+18    0.810571161785180D+18    0.189458619110025D+02    0.348878087243778D+01   -0.274848437071308D+00    0.100000000000000D+00
   25  1    0.655131171642436D+18    0.810413894565791D+18    0.189456676357201D+02    0.348878170224214D+01   -0.274848398713331D+00    0.100000000000000D+00
   25  1    0.655607184870041D+18    0.810227395820342D+18    0.189454809908233D+02    0.348878254850705D+01   -0.274848360373580D+00    0.100000000000000D+00
   25  1    0.656155468231636D+18    0.810013051421267D+18    0.189453010605446D+02    0.348878341275155D+01   -0.274848322111175D+00    0.100000000000000D+00
   25  1    0.656761544335620D+18    0.809774457498010D+18    0.189451272881797D+02    0.348878429485866D+01   -0.274848284120641D+00    0.100000000000000D+00
   25  1    0.657428667186298D+18    0.809518598938036D+18    0.189449594362863D+02    0.348878519487849D+01   -0.274848246019280D+00    0.100000000000000D+00
   25  1    0.658151682139447D+18    0.809255681763626D+18    0.189447957456547D+02    0.348878611156640D+01   -0.274848207604138D+00    0.100000000000000D+00
   25  1    0.658915823181491D+18    0.808997906558300D+18    0.189446358771315D+02    0.348878704455924D+01   -0.274848168380386D+00    0.100000000000000D+00
   25  1    0.659713201314054D+18    0.808757213311143D+18    0.189444798067428D+02    0.348878799209456D+01   -0.274848128241654D+00    0.100000000000000D+00
   25  1    0.660528714396479D+18    0.808543060332513D+18    0.189443267117059D+02    0.348878895080701D+01   -0.274848087244228D+00    0.100000000000000D+00
   25  1    0.661357260529032D+18    0.808360482757837D+18    0.189441761960189D+02    0.348878991706257D+01   -0.274848045331392D+00    0.100000000000000D+00
   25  1    0.662186789209184D+18    0.808209501021590D+18    0.189440273372836D+02    0.348879088533763D+01   -0.274848002746949D+00    0.100000000000000D+00
   25  1    0.663026482198225D+18    0.808086329102498D+18    0.189438817383539D+02    0.348879185069369D+01   -0.274847959766693D+00    0.100000000000000D+00
   25  1    0.663863737910615D+18    0.807985206195960D+18    0.189437375251613D+02    0.348879280868409D+01   -0.274847916508258D+00    0.100000000000000D+00
   25  1    0.664695938973558D+18    0.807900401466002D+18    0.189435955014265D+02    0.348879375504467D+01   -0.274847873577659D+00    0.100000000000000D+00
   25  1    0.665524772488151D+18    0.807827498776079D+18    0.189434550431424D+02    0.348879468845337D+01   -0.274847830927899D+00    0.100000000000000D+00
   25  1    0.666339501015386D+18    0.807764390732118D+18    0.189433164683389D+02    0.348879560932722D+01   -0.274847788634289D+00    0.100000000000000D+00
   25  1    0.667138114731861D+18    0.807711626644304D+18    0.189431798047493D+02    0.348879652013725D+01   -0.274847746557146D+00    0.100000000000000D+00
   25  1    0.667912486702110D+18    0.807671612867359D+18    0.189430459507145D+02    0.348879742457868D+01   -0.274847704526632D+00    0.100000000000000D+00
   25  1    0.668643847146687D+18    0.807648400596642D+18    0.189429136585781D+02    0.348879832596551D+01   -0.274847662421995D+00    0.100000000000000D+00
   25  1    0.669338457515394D+18    0.807646850199732D+18    0.189427843852664D+02    0.348879922623736D+01   -0.274847620045804D+00    0.100000000000000D+00
   25  1    0.669986696520663D+18    0.807671387563627D+18    0.189426573943216D+02    0.348880012548741D+01   -0.274847577359537D+00    0.100000000000000D+00
   25  1    0.670584594334066D+18    0.807724837423376D+18    0.189425337898550D+02    0.348880102181335D+01   -0.274847534431161D+00    0.100000000000000D+00
   25  1    0.671145492020122D+18    0.807807684235298D+18    0.189424137513332D+02    0.348880191237580D+01   -0.274847491665025D+00    0.100000000000000D+00
   25  1    0.671664300763297D+18    0.807917768240295D+18    0.189422972193017D+02    0.348880279528989D+01   -0.274847449210254D+00    0.100000000000000D+00
   25  1    0.672164406867170D+18    0.808050586454199D+18    0.189421844202924D+02    0.348880367012022D+01   -0.274847407292877D+00    0.100000000000000D+00
   25  1    0.672639981826790D+18    0.808200805528890D+18    0.189420768052104D+02    0.348880453832630D+01   -0.274847365824562D+00    0.100000000000000D+00
   25  1    0.673098942084088D+18    0.808363420394136D+18    0.189419733238962D+02    0.348880540221227D+01   -0.274847324710074D+00    0.100000000000000D+00
   25  1    0.673553017382685D+18    0.808534422666398D+18    0.189418747039763D+02    0.348880626429976D+01   -0.274847283646525D+00    0.100000000000000D+00
   25  2    0.673175825800453D+18    0.808707436490044D+18    0.189419987585954D+02    0.348880746320061D+01   -0.274847240817145D+00    0.100000000000000D+00
   25  2    0.668343724121965D+18    0.808875918324064D+18    0.189728617667226D+02    0.348880857450558D+01   -0.274847232192458D+00    0.100000000000000D+00
   25  2    0.667577879163920D+18    0.809038598232534D+18    0.189716179480538D+02    0.348880977319388D+01   -0.274847196471456D+00    0.100000000000000D+00
   25  2    0.667027985863578D+18    0.809195666787534D+18    0.189705729347353D+02    0.348881097750064D+01   -0.274847161925278D+00    0.100000000000000D+00
   25  2    0.666880806872165D+18    0.809345550642541D+18    0.189696756232378D+02    0.348881218364011D+01   -0.274847127095564D+00    0.100000000000000D+00
   25  2    0.667013566028122D+18    0.809484234671934D+18    0.189688927751010D+02    0.348881338970070D+01   -0.274847092266134D+00    0.100000000000000D+00
   25  2    0.667363070952692D+18    0.809605575306544D+18    0.189682009862548D+02    0.348881459550577D+01   -0.274847057056351D+00    0.100000000000000D+00
   25  2    0.667876593701216D+18    0.809701420488620D+18    0.189675832720250D+02    0.348881579982080D+01   -0.274847021505275D+00    0.100000000000000D+00
   25  2    0.668530101540665D+18    0.809764336716000D+18    0.189670262503286D+02    0.348881700309284D+01   -0.274846984931793D+00    0.100000000000000D+00
   25  2    0.669273455026353D+18    0.809791061175778D+18    0.189665205814101D+02    0.348881820379788D+01   -0.274846947236913D+00    0.100000000000000D+00
   25  2    0.670069791991913D+18    0.809783244542423D+18    0.189660568999125D+02    0.348881940032965D+01   -0.274846908444980D+00    0.100000000000000D+00
   25  2    0.670901718587523D+18    0.809746880969792D+18    0.189656291109812D+02    0.348882059245639D+01   -0.274846868573108D+00    0.100000000000000D+00
   25  2    0.671720150771896D+18    0.809691020905137D+18    0.189652283652891D+02    0.348882178044517D+01   -0.274846828020381D+00    0.100000000000000D+00
   25  2    0.672514794744572D+18    0.809625009537992D+18    0.189648510906072D+02    0.348882296709763D+01   -0.274846786534651D+00    0.100000000000000D+00
   25  2    0.673273883378054D+18    0.809556609835693D+18    0.189644938058500D+02    0.348882415406553D+01   -0.274846744568982D+00    0.100000000000000D+00
   25  2    0.673971805444953D+18    0.809490273007536D+18    0.189641520904684D+02    0.348882534460573D+01   -0.274846702082691D+00    0.100000000000000D+00
   25  2    0.674608839266020D+18    0.809427788206972D+18    0.189638254518117D+02    0.348882654154328D+01   -0.274846659236062D+00    0.100000000000000D+00
   25  2    0.675190223400173D+18    0.809370283140205D+18    0.189635112411426D+02    0.348882774741437D+01   -0.274846616144641D+00    0.100000000000000D+00
   25  2    0.675716794831893D+18    0.809318955507251D+18    0.189632083410957D+02    0.348882896452929D+01   -0.274846572797280D+00    0.100000000000000D+00
   25  2    0.676181728431692D+18    0.809274454973756D+18    0.189629169832333D+02    0.348883019472109D+01   -0.274846529235906D+00    0.100000000000000D+00
   25  2    0.676593358485261D+18    0.809237542548702D+18    0.189626360975943D+02    0.348883143879799D+01   -0.274846485357619D+00    0.100000000000000D+00
   25  2    0.676951824236692D+18    0.809210430423211D+18    0.189623638229706D+02    0.348883269781761D+01   -0.274846441126326D+00    0.100000000000000D+00
   25  2    0.677253972100196D+18    0.809197772244335D+18    0.189620997214732D+02    0.348883397187162D+01   -0.274846396289938D+00    0.100000000000000D+00
   25  2    0.677490120826660D+18    0.809206333004707D+18    0.189618434032921D+02    0.348883525978939D+01   -0.274846350911320D+00    0.100000000000000D+00
   25  2    0.677678304313558D+18    0.809241815011545D+18    0.189615942118946D+02    0.348883655904922D+01   -0.274846304794449D+00    0.100000000000000D+00
   25  2    0.677818647826620D+18    0.809305700509545D+18    0.189613518258910D+02    0.348883786460634D+01   -0.274846258377956D+00    0.100000000000000D+00
   25  2    0.677921329375048D+18    0.809394213237618D+18    0.189611160216390D+02    0.348883917233636D+01   -0.274846211601813D+00    0.100000000000000D+00
   25  2    0.677993570715015D+18    0.809498924355795D+18    0.189608857627403D+02    0.348884047704435D+01   -0.274846164419633D+00    0.100000000000000D+00
   25  2    0.678053432268595D+18    0.809608483615469D+18    0.189606610992715D+02    0.348884177389474D+01   -0.274846117396221D+00    0.100000000000000D+00
   25  2    0.678121844912084D+18    0.809710981135171D+18    0.189604433333421D+02    0.348884306014862D+01   -0.274846070242475D+00    0.100000000000000D+00
   25  2    0.678193536551583D+18    0.809796046632137D+18    0.189602309137126D+02    0.348884433375887D+01   -0.274846022906806D+00    0.100000000000000D+00
   25  2    0.678293852953857D+18    0.809857240768154D+18    0.189600241190183D+02    0.348884559317617D+01   -0.274845975809101D+00    0.100000000000000D+00
   25  2    0.678408388451613D+18    0.809894089279865D+18    0.189598224715354D+02    0.348884684044603D+01   -0.274845928538771D+00    0.100000000000000D+00
   25  2    0.678552166296537D+18    0.809911408334331D+18    0.189596258881592D+02    0.348884807852614D+01   -0.274845880810829D+00    0.100000000000000D+00
   25  2    0.678716602687005D+18    0.809917589805499D+18    0.189594341552713D+02    0.348884931009646D+01   -0.274845833006508D+00    0.100000000000000D+00
   25  2    0.678905811922023D+18    0.809922472249346D+18    0.189592480034641D+02    0.348885053932586D+01   -0.274845785108526D+00    0.100000000000000D+00
   25  2    0.679128313894747D+18    0.809934279451549D+18    0.189590664695978D+02    0.348885177036966D+01   -0.274845737362489D+00    0.100000000000000D+00
   25  2    0.679377004812519D+18    0.809958208390022D+18    0.189588898823232D+02    0.348885300755123D+01   -0.274845689538260D+00    0.100000000000000D+00
   25  2    0.679666583238827D+18    0.809996776902657D+18    0.189587178392011D+02    0.348885425437831D+01   -0.274845641683140D+00    0.100000000000000D+00
   25  2    0.680002287846165D+18    0.810050633962422D+18    0.189585508346454D+02    0.348885551229126D+01   -0.274845594282528D+00    0.100000000000000D+00
   25  2    0.680391173004878D+18    0.810119590170655D+18    0.189583888938648D+02    0.348885678201898D+01   -0.274845547543376D+00    0.100000000000000D+00
   25  2    0.680819172782448D+18    0.810203924357639D+18    0.189582315858052D+02    0.348885806460051D+01   -0.274845501350713D+00    0.100000000000000D+00
   25  2    0.681306960189805D+18    0.810305338767356D+18    0.189580799551121D+02    0.348885935832682D+01   -0.274845455959038D+00    0.100000000000000D+00
   25  2    0.681826492057728D+18    0.810426911633478D+18    0.189579329397802D+02    0.348886066297008D+01   -0.274845410890105D+00    0.100000000000000D+00
   25  2    0.682383430890324D+18    0.810571655404129D+18    0.189577905783459D+02    0.348886197662941D+01   -0.274845366124538D+00    0.100000000000000D+00
   25  2    0.682965592889435D+18    0.810741019054668D+18    0.189576534430965D+02    0.348886329876226D+01   -0.274845321104012D+00    0.100000000000000D+00
   25  2    0.683564690576436D+18    0.810933232695487D+18    0.189575209666529D+02    0.348886462586670D+01   -0.274845275900869D+00    0.100000000000000D+00
   25  2    0.684189290652917D+18    0.811143543533207D+18    0.189573928751147D+02    0.348886595538429D+01   -0.274845229865319D+00    0.100000000000000D+00
   25  2    0.684827263771848D+18    0.811365067196996D+18    0.189572686719032D+02    0.348886728127879D+01   -0.274845183393857D+00    0.100000000000000D+00
   25  2    0.685489075162854D+18    0.811589726474944D+18    0.189571491262972D+02    0.348886860031837D+01   -0.274845135923137D+00    0.100000000000000D+00
   25  2    0.686170365577598D+18    0.811809632309908D+18    0.189570331939190D+02    0.348886990724418D+01   -0.274845087803292D+00    0.100000000000000D+00
   25  2    0.686879914617298D+18    0.812018911415363D+18    0.189569212652594D+02    0.348887119984251D+01   -0.274845038973781D+00    0.100000000000000D+00
   25  2    0.687598294146877D+18    0.812214418126222D+18    0.189568135635627D+02    0.348887247581453D+01   -0.274844989602803D+00    0.100000000000000D+00
   25  2    0.688347599432712D+18    0.812395337010732D+18    0.189567099932861D+02    0.348887373568714D+01   -0.274844939779122D+00    0.100000000000000D+00
   25  2    0.689088898590368D+18    0.812562598842639D+18    0.189566101900944D+02    0.348887497945926D+01   -0.274844890066080D+00    0.100000000000000D+00
   25  2    0.689841501712498D+18    0.812718623490964D+18    0.189565124836996D+02    0.348887620971400D+01   -0.274844840295148D+00    0.100000000000000D+00
   25  2    0.690583326751265D+18    0.812866694685348D+18    0.189564176233450D+02    0.348887742635872D+01   -0.274844791283050D+00    0.100000000000000D+00
   25  2    0.691320335667442D+18    0.813009485964440D+18    0.189563252698848D+02    0.348887863178716D+01   -0.274844742770741D+00    0.100000000000000D+00
   25  2    0.692047664388177D+18    0.813147868683133D+18    0.189562361622901D+02    0.348887982575226D+01   -0.274844695569216D+00    0.100000000000000D+00
   25  2    0.692769304051249D+18    0.813280675552209D+18    0.189561488976801D+02    0.348888101161488D+01   -0.274844649467920D+00    0.100000000000000D+00
   25  3    0.693162615456537D+18    0.813404941786911D+18    0.189563134004580D+02    0.348888225312691D+01   -0.274844600224683D+00    0.100000000000000D+00
   25  3    0.689232004612441D+18    0.813517950703089D+18    0.189872224905628D+02    0.348888331392196D+01   -0.274844617787866D+00    0.100000000000000D+00
   25  3    0.689258206600031D+18    0.813617864424562D+18    0.189859764380109D+02    0.348888454354137D+01   -0.274844577128898D+00    0.100000000000000D+00
   25  3    0.689528891229318D+18    0.813704639854305D+18    0.189849225883837D+02    0.348888579220106D+01   -0.274844534917834D+00    0.100000000000000D+00
   25  3    0.690181268333762D+18    0.813782033230001D+18    0.189840100965572D+02    0.348888705749728D+01   -0.274844491350504D+00    0.100000000000000D+00
   25  3    0.691082799777042D+18    0.813857216977631D+18    0.189832046076475D+02    0.348888834158812D+01   -0.274844446283901D+00    0.100000000000000D+00
   25  3    0.692148759509178D+18    0.813938543136487D+18    0.189824843654744D+02    0.348888964217836D+01   -0.274844399975464D+00    0.100000000000000D+00
   25  3    0.693331935148764D+18    0.814033230017638D+18    0.189818351556263D+02    0.348889095561947D+01   -0.274844352585652D+00    0.100000000000000D+00
   25  3    0.694561521981120D+18    0.814144831959914D+18    0.189812423249768D+02    0.348889227945007D+01   -0.274844303729222D+00    0.100000000000000D+00
   25  3    0.695829310626400D+18    0.814271685738877D+18    0.189806960971384D+02    0.348889361060657D+01   -0.274844253418283D+00    0.100000000000000D+00
   25  3    0.697089093794719D+18    0.814408228534251D+18    0.189801881067630D+02    0.348889494523458D+01   -0.274844201965582D+00    0.100000000000000D+00
   25  3    0.698323742582447D+18    0.814545603293932D+18    0.189797107268808D+02    0.348889627974108D+01   -0.274844149594224D+00    0.100000000000000D+00
   25  3    0.699512297594754D+18    0.814673424267347D+18    0.189792598844652D+02    0.348889761062526D+01   -0.274844096186010D+00    0.100000000000000D+00
   25  3    0.700642695012975D+18    0.814783163764412D+18    0.189788312308473D+02    0.348889893276528D+01   -0.274844042360094D+00    0.100000000000000D+00
   25  3    0.701701715833228D+18    0.814871431472989D+18    0.189784233454070D+02    0.348890024507999D+01   -0.274843987638477D+00    0.100000000000000D+00
   25  3    0.702664819091754D+18    0.814941215645881D+18    0.189780320904299D+02    0.348890154480736D+01   -0.274843932472493D+00    0.100000000000000D+00
   25  3    0.703528283644425D+18    0.815000933404135D+18    0.189776561099850D+02    0.348890283084300D+01   -0.274843876874871D+00    0.100000000000000D+00
   25  3    0.704265641088573D+18    0.815059748168264D+18    0.189772930706012D+02    0.348890410265462D+01   -0.274843820943017D+00    0.100000000000000D+00
   25  3    0.704886707575025D+18    0.815122934984274D+18    0.189769417121565D+02    0.348890536070290D+01   -0.274843765225735D+00    0.100000000000000D+00
   25  3    0.705374247435225D+18    0.815191483981680D+18    0.189766022271031D+02    0.348890660822872D+01   -0.274843710161657D+00    0.100000000000000D+00
   25  3    0.705744160065063D+18    0.815263865031897D+18    0.189762730553755D+02    0.348890785078892D+01   -0.274843655668751D+00    0.100000000000000D+00
   25  3    0.706005379022244D+18    0.815337204053823D+18    0.189759526279791D+02    0.348890909424579D+01   -0.274843601822230D+00    0.100000000000000D+00
   25  3    0.706185994671920D+18    0.815406924472693D+18    0.189756402018935D+02    0.348891034637338D+01   -0.274843548162134D+00    0.100000000000000D+00
   25  3    0.706284140584634D+18    0.815467020214603D+18    0.189753357314977D+02    0.348891161276224D+01   -0.274843494522527D+00    0.100000000000000D+00
   25  3    0.706331809236038D+18    0.815511878392622D+18    0.189750406374869D+02    0.348891289497707D+01   -0.274843441735557D+00    0.100000000000000D+00
   25  3    0.706331988881184D+18    0.815538665632886D+18    0.189747524721010D+02    0.348891419549697D+01   -0.274843389547747D+00    0.100000000000000D+00
   25  3    0.706297068090991D+18    0.815548220303721D+18    0.189744725118972D+02    0.348891551475265D+01   -0.274843338039289D+00    0.100000000000000D+00
   25  3    0.706238628893197D+18    0.815544605533707D+18    0.189742009663771D+02    0.348891685235629D+01   -0.274843286941700D+00    0.100000000000000D+00
   25  3    0.706158572490616D+18    0.815533935920752D+18    0.189739380623775D+02    0.348891820736684D+01   -0.274843235693112D+00    0.100000000000000D+00
   25  3    0.706079052803698D+18    0.815523211646657D+18    0.189736831752262D+02    0.348891957578141D+01   -0.274843184226529D+00    0.100000000000000D+00
   25  3    0.705987574941641D+18    0.815519039245955D+18    0.189734364025096D+02    0.348892095253814D+01   -0.274843132638197D+00    0.100000000000000D+00
   25  3    0.705935394776310D+18    0.815526019316216D+18    0.189731975176107D+02    0.348892233196431D+01   -0.274843080667761D+00    0.100000000000000D+00
   25  3    0.705899718396514D+18    0.815545917553002D+18    0.189729658646390D+02    0.348892370869602D+01   -0.274843027965845D+00    0.100000000000000D+00
   25  3    0.705922010239437D+18    0.815577901981488D+18    0.189727418786687D+02    0.348892507563098D+01   -0.274842974801459D+00    0.100000000000000D+00
   25  3    0.705988087306653D+18    0.815620264705262D+18    0.189725254571997D+02    0.348892642807970D+01   -0.274842921227444D+00    0.100000000000000D+00
   25  3    0.706119816279778D+18    0.815672673185269D+18    0.189723151446768D+02    0.348892776218428D+01   -0.274842867415856D+00    0.100000000000000D+00
   25  3    0.706317193716188D+18    0.815737679095469D+18    0.189721116199133D+02    0.348892907659165D+01   -0.274842813263007D+00    0.100000000000000D+00
   25  3    0.706574670593246D+18    0.815820275689419D+18    0.189719131227280D+02    0.348893037051923D+01   -0.274842758977075D+00    0.100000000000000D+00
   25  3    0.706893774937072D+18    0.815926546301236D+18    0.189717210769372D+02    0.348893164476984D+01   -0.274842704837543D+00    0.100000000000000D+00
   25  3    0.707263163966506D+18    0.816061755728553D+18    0.189715342271370D+02    0.348893290266144D+01   -0.274842650844562D+00    0.100000000000000D+00
   25  3    0.707687181908730D+18    0.816228946483229D+18    0.189713520288814D+02    0.348893414737901D+01   -0.274842597493370D+00    0.100000000000000D+00
   25  3    0.708161147479305D+18    0.816427761682340D+18    0.189711742964311D+02    0.348893538393855D+01   -0.274842544879702D+00    0.100000000000000D+00
   25  3    0.708680804830777D+18    0.816654012821745D+18    0.189710005943042D+02    0.348893661866511D+01   -0.274842492826535D+00    0.100000000000000D+00
   25  3    0.709260504846776D+18    0.816899928060633D+18    0.189708301113445D+02    0.348893785602605D+01   -0.274842441463168D+00    0.100000000000000D+00
   25  3    0.709898098329127D+18    0.817155632186807D+18    0.189706625596946D+02    0.348893909907964D+01   -0.274842390974618D+00    0.100000000000000D+00
   25  3    0.710590060299635D+18    0.817411859656659D+18    0.189704974540778D+02    0.348894035111265D+01   -0.274842340989020D+00    0.100000000000000D+00
   25  3    0.711332797122556D+18    0.817661673895908D+18    0.189703341917406D+02    0.348894161316391D+01   -0.274842291585889D+00    0.100000000000000D+00
   25  3    0.712119036127073D+18    0.817901275460243D+18    0.189701719871091D+02    0.348894288516814D+01   -0.274842242910317D+00    0.100000000000000D+00
   25  3    0.712936954466951D+18    0.818129656624423D+18    0.189700114494835D+02    0.348894416685391D+01   -0.274842194623139D+00    0.100000000000000D+00
   25  3    0.713773938766827D+18    0.818346983355695D+18    0.189698530625891D+02    0.348894545521182D+01   -0.274842146953347D+00    0.100000000000000D+00
   25  3    0.714616219066098D+18    0.818552941638955D+18    0.189696950052256D+02    0.348894674630733D+01   -0.274842100093905D+00    0.100000000000000D+00
   25  3    0.715452670053203D+18    0.818745460351616D+18    0.189695380659028D+02    0.348894803764246D+01   -0.274842053632506D+00    0.100000000000000D+00
   25  3    0.716283271871058D+18    0.818920686983278D+18    0.189693812028694D+02    0.348894932622488D+01   -0.274842007627455D+00    0.100000000000000D+00
   25  3    0.717101903524929D+18    0.819073364718078D+18    0.189692254540612D+02    0.348895061027202D+01   -0.274841961941934D+00    0.100000000000000D+00
   25  3    0.717907131823798D+18    0.819197880324852D+18    0.189690692186630D+02    0.348895188961373D+01   -0.274841916143420D+00    0.100000000000000D+00
   25  3    0.718705050969261D+18    0.819289621686542D+18    0.189689141192042D+02    0.348895316251736D+01   -0.274841870126152D+00    0.100000000000000D+00
   25  3    0.719480603401067D+18    0.819346119374176D+18    0.189687593187612D+02    0.348895442839347D+01   -0.274841823452629D+00    0.100000000000000D+00
   25  3    0.720241062306392D+18    0.819368262734045D+18    0.189686047057504D+02    0.348895568617189D+01   -0.274841776023952D+00    0.100000000000000D+00
   25  3    0.720976592933017D+18    0.819360530339138D+18    0.189684491980385D+02    0.348895693539046D+01   -0.274841727650216D+00    0.100000000000000D+00
   25  3    0.721675049711756D+18    0.819330023391620D+18    0.189682937676926D+02    0.348895817711923D+01   -0.274841677999911D+00    0.100000000000000D+00
   25  4    0.721847218625894D+18    0.819279039269879D+18    0.189685253379372D+02    0.348895939788169D+01   -0.274841629648949D+00    0.100000000000000D+00
   25  4    0.716889664020911D+18    0.819213120379326D+18    0.189999949031708D+02    0.348896045479378D+01   -0.274841639330713D+00    0.100000000000000D+00
   25  4    0.716501427503492D+18    0.819145863276925D+18    0.189987060194313D+02    0.348896165378705D+01   -0.274841595796520D+00    0.100000000000000D+00
   25  4    0.716309742560676D+18    0.819089180477987D+18    0.189976145249208D+02    0.348896285984769D+01   -0.274841549637940D+00    0.100000000000000D+00
   25  4    0.716498330907719D+18    0.819050326455726D+18    0.189966695501866D+02    0.348896406668288D+01   -0.274841502317390D+00    0.100000000000000D+00
   25  4    0.716924788032539D+18    0.819029837909603D+18    0.189958392269076D+02    0.348896527621183D+01   -0.274841454173800D+00    0.100000000000000D+00
   25  4    0.717527043426508D+18    0.819025503817139D+18    0.189951001553404D+02    0.348896649135379D+01   -0.274841405462508D+00    0.100000000000000D+00
   25  4    0.718247233805501D+18    0.819036853427577D+18    0.189944349052715D+02    0.348896771678312D+01   -0.274841356198041D+00    0.100000000000000D+00
   25  4    0.719042423259362D+18    0.819066444329432D+18    0.189938285353916D+02    0.348896895544354D+01   -0.274841307149897D+00    0.100000000000000D+00
   25  4    0.719876998359782D+18    0.819119195848972D+18    0.189932703586571D+02    0.348897021059805D+01   -0.274841258361610D+00    0.100000000000000D+00
   25  4    0.720700354514597D+18    0.819199703943888D+18    0.189927534796776D+02    0.348897148395627D+01   -0.274841209809776D+00    0.100000000000000D+00
   25  4    0.721492100494820D+18    0.819310474245330D+18    0.189922732889906D+02    0.348897277508023D+01   -0.274841161208049D+00    0.100000000000000D+00
   25  4    0.722222453525731D+18    0.819452180391235D+18    0.189918211842680D+02    0.348897408137470D+01   -0.274841112347892D+00    0.100000000000000D+00
   25  4    0.722876041491546D+18    0.819623544256601D+18    0.189913969286903D+02    0.348897539755888D+01   -0.274841063453236D+00    0.100000000000000D+00
   25  4    0.723448919624217D+18    0.819819197417425D+18    0.189909962913557D+02    0.348897671743183D+01   -0.274841014999549D+00    0.100000000000000D+00
   25  4    0.723940164497020D+18    0.820027592165678D+18    0.189906181790659D+02    0.348897803746996D+01   -0.274840966354041D+00    0.100000000000000D+00
   25  4    0.724348088411538D+18    0.820232237083165D+18    0.189902582111036D+02    0.348897935185821D+01   -0.274840918042398D+00    0.100000000000000D+00
   25  4    0.724688873122948D+18    0.820417711775717D+18    0.189899156254977D+02    0.348898065807402D+01   -0.274840869670722D+00    0.100000000000000D+00
   25  4    0.724959982001837D+18    0.820574149879062D+18    0.189895874915034D+02    0.348898195352478D+01   -0.274840821270709D+00    0.100000000000000D+00
   25  4    0.725175200651283D+18    0.820698902757562D+18    0.189892734779721D+02    0.348898323676195D+01   -0.274840772797677D+00    0.100000000000000D+00
   25  4    0.725320123082100D+18    0.820796822130425D+18    0.189889712065284D+02    0.348898450505320D+01   -0.274840724925769D+00    0.100000000000000D+00
   25  4    0.725414158954843D+18    0.820877383052201D+18    0.189886802185069D+02    0.348898575959327D+01   -0.274840677105442D+00    0.100000000000000D+00
   25  4    0.725444535563950D+18    0.820950381539074D+18    0.189883999151769D+02    0.348898699943447D+01   -0.274840629675834D+00    0.100000000000000D+00
   25  4    0.725425169563688D+18    0.821021597879120D+18    0.189881285863024D+02    0.348898822517539D+01   -0.274840582671562D+00    0.100000000000000D+00
   25  4    0.725355913036918D+18    0.821092831036524D+18    0.189878648474186D+02    0.348898943931208D+01   -0.274840536129786D+00    0.100000000000000D+00
   25  4    0.725254387223740D+18    0.821164827798633D+18    0.189876088871560D+02    0.348899064475699D+01   -0.274840490043758D+00    0.100000000000000D+00
   25  4    0.725149720891427D+18    0.821237987215389D+18    0.189873606142788D+02    0.348899184349694D+01   -0.274840444750128D+00    0.100000000000000D+00
   25  4    0.725046251224836D+18    0.821311395942114D+18    0.189871190569683D+02    0.348899303829261D+01   -0.274840399812081D+00    0.100000000000000D+00
   25  4    0.724972923870263D+18    0.821383587415471D+18    0.189868846990693D+02    0.348899423040984D+01   -0.274840355238137D+00    0.100000000000000D+00
   25  4    0.724930960394748D+18    0.821453763966854D+18    0.189866566154457D+02    0.348899542207519D+01   -0.274840310744060D+00    0.100000000000000D+00
   25  4    0.724945101776404D+18    0.821523096397633D+18    0.189864334421328D+02    0.348899661420968D+01   -0.274840266466557D+00    0.100000000000000D+00
   25  4    0.725007903214393D+18    0.821594508134501D+18    0.189862160064950D+02    0.348899780773600D+01   -0.274840222601239D+00    0.100000000000000D+00
   25  4    0.725127169724054D+18    0.821670971969895D+18    0.189860040196347D+02    0.348899900535196D+01   -0.274840178574811D+00    0.100000000000000D+00
   25  4    0.725301550593434D+18    0.821753722988277D+18    0.189857960786295D+02    0.348900020760634D+01   -0.274840134461647D+00    0.100000000000000D+00
   25  4    0.725527911941611D+18    0.821840249483126D+18    0.189855926783335D+02    0.348900141401016D+01   -0.274840090364476D+00    0.100000000000000D+00
   25  4    0.725812272174235D+18    0.821924107972084D+18    0.189853927758095D+02    0.348900262505508D+01   -0.274840045910359D+00    0.100000000000000D+00
   25  4    0.726163705643317D+18    0.821996715523235D+18    0.189851977719711D+02    0.348900383925937D+01   -0.274840001177145D+00    0.100000000000000D+00
   25  4    0.726567453094032D+18    0.822049950111637D+18    0.189850055432548D+02    0.348900505397225D+01   -0.274839956285221D+00    0.100000000000000D+00
   25  4    0.727045987963688D+18    0.822078432114440D+18    0.189848164677357D+02    0.348900626592139D+01   -0.274839911005891D+00    0.100000000000000D+00
   25  4    0.727587345201348D+18    0.822080293646894D+18    0.189846304144854D+02    0.348900747108954D+01   -0.274839864995945D+00    0.100000000000000D+00
   25  4    0.728183642032102D+18    0.822057625637517D+18    0.189844467090357D+02    0.348900866356843D+01   -0.274839818719395D+00    0.100000000000000D+00
   25  4    0.728829548490148D+18    0.822016622969713D+18    0.189842650497361D+02    0.348900983931426D+01   -0.274839772456600D+00    0.100000000000000D+00
   25  4    0.729502616989373D+18    0.821966986707684D+18    0.189840855219259D+02    0.348901099736367D+01   -0.274839725995972D+00    0.100000000000000D+00
   25  4    0.730194508370748D+18    0.821920266185654D+18    0.189839083328635D+02    0.348901213919619D+01   -0.274839679478800D+00    0.100000000000000D+00
   25  4    0.730878493138188D+18    0.821888127679092D+18    0.189837330433064D+02    0.348901326829405D+01   -0.274839632772506D+00    0.100000000000000D+00
   25  4    0.731549706839950D+18    0.821880668900529D+18    0.189835593501586D+02    0.348901438804987D+01   -0.274839586330093D+00    0.100000000000000D+00
   25  4    0.732198172238713D+18    0.821904794214275D+18    0.189833878236692D+02    0.348901550326676D+01   -0.274839540194123D+00    0.100000000000000D+00
   25  4    0.732823572793832D+18    0.821962787270095D+18    0.189832189480944D+02    0.348901661852884D+01   -0.274839494301501D+00    0.100000000000000D+00
   25  4    0.733412612950067D+18    0.822052171529647D+18    0.189830515982611D+02    0.348901773829181D+01   -0.274839448669712D+00    0.100000000000000D+00
   25  4    0.733988181048010D+18    0.822167071078985D+18    0.189828868972195D+02    0.348901886653251D+01   -0.274839403414359D+00    0.100000000000000D+00
   25  4    0.734534960366067D+18    0.822300843602689D+18    0.189827244967460D+02    0.348902000653703D+01   -0.274839358577235D+00    0.100000000000000D+00
   25  4    0.735063720336628D+18    0.822448338888172D+18    0.189825638691580D+02    0.348902116126022D+01   -0.274839314128090D+00    0.100000000000000D+00
   25  4    0.735567432492761D+18    0.822606933541641D+18    0.189824060400898D+02    0.348902233213669D+01   -0.274839269736125D+00    0.100000000000000D+00
   25  4    0.736042425719861D+18    0.822776934785140D+18    0.189822501229958D+02    0.348902351826461D+01   -0.274839225501101D+00    0.100000000000000D+00
   25  4    0.736487282894621D+18    0.822961667233705D+18    0.189820975274685D+02    0.348902471749660D+01   -0.274839181163492D+00    0.100000000000000D+00
   25  4    0.736891906554980D+18    0.823165215336350D+18    0.189819469090160D+02    0.348902592637806D+01   -0.274839136831914D+00    0.100000000000000D+00
   25  4    0.737255653732540D+18    0.823389600571334D+18    0.189817998889260D+02    0.348902714162005D+01   -0.274839092337490D+00    0.100000000000000D+00
   25  4    0.737582097845968D+18    0.823632962381853D+18    0.189816555217329D+02    0.348902835927079D+01   -0.274839047451471D+00    0.100000000000000D+00
   25  4    0.737883881719219D+18    0.823889171649832D+18    0.189815146442525D+02    0.348902957367212D+01   -0.274839002563746D+00    0.100000000000000D+00
   25  4    0.738169527515929D+18    0.824149176550661D+18    0.189813772685602D+02    0.348903078034193D+01   -0.274838957836189D+00    0.100000000000000D+00
   25  5    0.738307335305002D+18    0.824404136671392D+18    0.189814322157697D+02    0.348903167720230D+01   -0.274838907128357D+00    0.100000000000000D+00
   25  5    0.734339770071738D+18    0.824644298421686D+18    0.190118112139400D+02    0.348903233286143D+01   -0.274838944511061D+00    0.100000000000000D+00
   25  5    0.734081626796086D+18    0.824863345940864D+18    0.190104581881104D+02    0.348903320492845D+01   -0.274838902533715D+00    0.100000000000000D+00
   25  5    0.734042684007800D+18    0.825061030539143D+18    0.190093088906625D+02    0.348903408042635D+01   -0.274838857763430D+00    0.100000000000000D+00
   25  5    0.734375077681821D+18    0.825241570606794D+18    0.190083072269807D+02    0.348903494804112D+01   -0.274838812377060D+00    0.100000000000000D+00
   25  5    0.734933833100125D+18    0.825411865679999D+18    0.190074190508038D+02    0.348903580680984D+01   -0.274838767380925D+00    0.100000000000000D+00
   25  5    0.735657046449513D+18    0.825578604593648D+18    0.190066186311839D+02    0.348903665890110D+01   -0.274838722874326D+00    0.100000000000000D+00
   25  5    0.736493680678024D+18    0.825742553440342D+18    0.190058883256560D+02    0.348903750740868D+01   -0.274838678871639D+00    0.100000000000000D+00
   25  5    0.737407183618230D+18    0.825896786742803D+18    0.190052168633108D+02    0.348903835565744D+01   -0.274838635127346D+00    0.100000000000000D+00
   25  5    0.738369622873686D+18    0.826031673614487D+18    0.190045939876743D+02    0.348903920785387D+01   -0.274838591104197D+00    0.100000000000000D+00
   25  5    0.739353045400543D+18    0.826137999060631D+18    0.190040140557082D+02    0.348904006653505D+01   -0.274838546494223D+00    0.100000000000000D+00
   25  5    0.740341057025616D+18    0.826211182361581D+18    0.190034723610795D+02    0.348904093174691D+01   -0.274838501526023D+00    0.100000000000000D+00
   25  5    0.741316948253421D+18    0.826249936442312D+18    0.190029621942830D+02    0.348904180401704D+01   -0.274838455980133D+00    0.100000000000000D+00
   25  5    0.742263439899248D+18    0.826253445624553D+18    0.190024805564104D+02    0.348904268287539D+01   -0.274838409665854D+00    0.100000000000000D+00
   25  5    0.743165321755688D+18    0.826223636093827D+18    0.190020239398318D+02    0.348904356785825D+01   -0.274838362562540D+00    0.100000000000000D+00
   25  5    0.743997222329494D+18    0.826168503082166D+18    0.190015891791164D+02    0.348904446005846D+01   -0.274838314418302D+00    0.100000000000000D+00
   25  5    0.744749645314232D+18    0.826099170779510D+18    0.190011736585778D+02    0.348904536092549D+01   -0.274838265120148D+00    0.100000000000000D+00
   25  5    0.745411852544571D+18    0.826024943943496D+18    0.190007735611763D+02    0.348904627026459D+01   -0.274838215288646D+00    0.100000000000000D+00
   25  5    0.745983302343890D+18    0.825952021516699D+18    0.190003887915433D+02    0.348904718932870D+01   -0.274838164592671D+00    0.100000000000000D+00
   25  5    0.746457765789601D+18    0.825883740868342D+18    0.190000178065692D+02    0.348904811802042D+01   -0.274838112814420D+00    0.100000000000000D+00
   25  5    0.746844507129030D+18    0.825820338947443D+18    0.189996578137371D+02    0.348904905299183D+01   -0.274838060399060D+00    0.100000000000000D+00
   25  5    0.747167726571380D+18    0.825759802195539D+18    0.189993087008851D+02    0.348904999422608D+01   -0.274838006403157D+00    0.100000000000000D+00
   25  5    0.747427839112442D+18    0.825700757678622D+18    0.189989688280685D+02    0.348905093899808D+01   -0.274837951212904D+00    0.100000000000000D+00
   25  5    0.747640520530739D+18    0.825644984297333D+18    0.189986367011565D+02    0.348905188375560D+01   -0.274837895365494D+00    0.100000000000000D+00
   25  5    0.747817106613066D+18    0.825597864800051D+18    0.189983131584237D+02    0.348905282408217D+01   -0.274837839884048D+00    0.100000000000000D+00
   25  5    0.747951210288388D+18    0.825567692989323D+18    0.189979970062639D+02    0.348905376055738D+01   -0.274837784148971D+00    0.100000000000000D+00
   25  5    0.748052198990441D+18    0.825564541606466D+18    0.189976878213082D+02    0.348905469156206D+01   -0.274837728657138D+00    0.100000000000000D+00
   25  5    0.748123939229576D+18    0.825598632653703D+18    0.189973851348299D+02    0.348905561701706D+01   -0.274837673565862D+00    0.100000000000000D+00
   25  5    0.748170427074942D+18    0.825677972752119D+18    0.189970893905205D+02    0.348905653671233D+01   -0.274837618985146D+00    0.100000000000000D+00
   25  5    0.748186959303145D+18    0.825805290035387D+18    0.189968002435320D+02    0.348905745079993D+01   -0.274837564806908D+00    0.100000000000000D+00
   25  5    0.748207879617878D+18    0.825975818450682D+18    0.189965172227956D+02    0.348905835984020D+01   -0.274837511081669D+00    0.100000000000000D+00
   25  5    0.748229716280867D+18    0.826178207515732D+18    0.189962404133092D+02    0.348905926554501D+01   -0.274837457704211D+00    0.100000000000000D+00
   25  5    0.748278464901950D+18    0.826397996817038D+18    0.189959704646841D+02    0.348906017039492D+01   -0.274837404837632D+00    0.100000000000000D+00
   25  5    0.748366201191415D+18    0.826620571226367D+18    0.189957054553719D+02    0.348906107842776D+01   -0.274837352111826D+00    0.100000000000000D+00
   25  5    0.748499117463742D+18    0.826833532530249D+18    0.189954450182482D+02    0.348906199225515D+01   -0.274837299525281D+00    0.100000000000000D+00
   25  5    0.748704678351924D+18    0.827027762039923D+18    0.189951904048903D+02    0.348906291381232D+01   -0.274837247105692D+00    0.100000000000000D+00
   25  5    0.748959770229688D+18    0.827198154335606D+18    0.189949406080218D+02    0.348906384356075D+01   -0.274837194898563D+00    0.100000000000000D+00
   25  5    0.749275145635475D+18    0.827342996889259D+18    0.189946950810317D+02    0.348906478117299D+01   -0.274837143160332D+00    0.100000000000000D+00
   25  5    0.749648928467149D+18    0.827462853686017D+18    0.189944544520474D+02    0.348906572572793D+01   -0.274837091847373D+00    0.100000000000000D+00
   25  5    0.750070752220036D+18    0.827558923917303D+18    0.189942187153561D+02    0.348906667388600D+01   -0.274837041138095D+00    0.100000000000000D+00
   25  5    0.750536522458544D+18    0.827631514268449D+18    0.189939882299073D+02    0.348906762347655D+01   -0.274836990644995D+00    0.100000000000000D+00
   25  5    0.751053625734189D+18    0.827680159853160D+18    0.189937615593435D+02    0.348906856986963D+01   -0.274836940501101D+00    0.100000000000000D+00
   25  5    0.751618621100250D+18    0.827704821098733D+18    0.189935399546327D+02    0.348906951023896D+01   -0.274836890374259D+00    0.100000000000000D+00
   25  5    0.752225821026696D+18    0.827706564931897D+18    0.189933220980473D+02    0.348907044041229D+01   -0.274836840254217D+00    0.100000000000000D+00
   25  5    0.752887964451665D+18    0.827688452676681D+18    0.189931086744894D+02    0.348907135711468D+01   -0.274836790156529D+00    0.100000000000000D+00
   25  5    0.753587680686794D+18    0.827655756162125D+18    0.189928996867067D+02    0.348907225877582D+01   -0.274836739773185D+00    0.100000000000000D+00
   25  5    0.754314426910769D+18    0.827616379772245D+18    0.189926939540947D+02    0.348907314484283D+01   -0.274836689000056D+00    0.100000000000000D+00
   25  5    0.755060138290449D+18    0.827580559194837D+18    0.189924943720839D+02    0.348907401579848D+01   -0.274836638015006D+00    0.100000000000000D+00
   25  5    0.755820524716686D+18    0.827559375217157D+18    0.189922987668875D+02    0.348907487368564D+01   -0.274836586936399D+00    0.100000000000000D+00
   25  5    0.756568951681335D+18    0.827563336334605D+18    0.189921065525770D+02    0.348907572180511D+01   -0.274836535866673D+00    0.100000000000000D+00
   25  5    0.757313118780181D+18    0.827600402587938D+18    0.189919187622379D+02    0.348907656424669D+01   -0.274836484736043D+00    0.100000000000000D+00
   25  5    0.758046799232001D+18    0.827674382322752D+18    0.189917340488166D+02    0.348907740434370D+01   -0.274836433470520D+00    0.100000000000000D+00
   25  5    0.758764114282109D+18    0.827784507377145D+18    0.189915512415221D+02    0.348907824420595D+01   -0.274836382392905D+00    0.100000000000000D+00
   25  5    0.759486798880612D+18    0.827925783437389D+18    0.189913706321748D+02    0.348907908649399D+01   -0.274836331340441D+00    0.100000000000000D+00
   25  5    0.760211913760875D+18    0.828090223922424D+18    0.189911938872439D+02    0.348907993339694D+01   -0.274836280496513D+00    0.100000000000000D+00
   25  5    0.760945819832496D+18    0.828268899280543D+18    0.189910193332876D+02    0.348908078719906D+01   -0.274836229484084D+00    0.100000000000000D+00
   25  5    0.761691544135498D+18    0.828454283630897D+18    0.189908469506964D+02    0.348908165005752D+01   -0.274836177978534D+00    0.100000000000000D+00
   25  5    0.762452563598527D+18    0.828642760285702D+18    0.189906782697402D+02    0.348908252206016D+01   -0.274836126372688D+00    0.100000000000000D+00
   25  5    0.763212362138084D+18    0.828834510887410D+18    0.189905119628869D+02    0.348908340450043D+01   -0.274836074249484D+00    0.100000000000000D+00
   25  5    0.763974220459667D+18    0.829031778401759D+18    0.189903482409427D+02    0.348908429841039D+01   -0.274836021477506D+00    0.100000000000000D+00
